2021-03-17 00:49:30 INFO  main [mitsuba.cpp:256] Mitsuba version 0.5.0 (Windows, 64 bit), Copyright (c) 2014 Wenzel Jakob
2021-03-17 00:49:30 INFO  main [mitsuba.cpp:356] Parsing scene description from "scene.xml" ..
2021-03-17 00:49:30 INFO  main [PluginManager] Loading plugin "plugins\path.dll" ..
2021-03-17 00:49:30 INFO  main [PluginManager] Loading plugin "plugins\perspective.dll" ..
2021-03-17 00:49:30 INFO  main [PluginManager] Loading plugin "plugins\hdrfilm.dll" ..
2021-03-17 00:49:30 INFO  main [PluginManager] Loading plugin "plugins\gaussian.dll" ..
2021-03-17 00:49:30 INFO  main [PluginManager] Loading plugin "plugins\independent.dll" ..
2021-03-17 00:49:30 INFO  main [PluginManager] Loading plugin "plugins\diffuse.dll" ..
2021-03-17 00:49:30 INFO  main [PluginManager] Loading plugin "plugins\roughdielectric.dll" ..
2021-03-17 00:49:30 INFO  main [PluginManager] Loading plugin "plugins\roughconductor.dll" ..
2021-03-17 00:49:30 INFO  main [spectrum.cpp:601] "Cu.eta.spd": loaded a spectral power distribution with 55 entries (between 302.400421 and 885.601257 nm)
2021-03-17 00:49:30 INFO  main [spectrum.cpp:601] "Cu.k.spd": loaded a spectral power distribution with 55 entries (between 302.400421 and 885.601257 nm)
2021-03-17 00:49:30 INFO  main [spectrum.cpp:601] "Cu2O.eta.spd": loaded a spectral power distribution with 12 entries (between 350.028015 and 899.709961 nm)
2021-03-17 00:49:30 INFO  main [spectrum.cpp:601] "Cu2O.k.spd": loaded a spectral power distribution with 12 entries (between 350.028015 and 899.709961 nm)
2021-03-17 00:49:30 INFO  main [spectrum.cpp:601] "CuO.eta.spd": loaded a spectral power distribution with 12 entries (between 350.028015 and 899.709961 nm)
2021-03-17 00:49:30 INFO  main [spectrum.cpp:601] "CuO.k.spd": loaded a spectral power distribution with 12 entries (between 350.028015 and 899.709961 nm)
2021-03-17 00:49:30 INFO  main [spectrum.cpp:601] "Au.eta.spd": loaded a spectral power distribution with 56 entries (between 298.757050 and 885.601257 nm)
2021-03-17 00:49:30 INFO  main [spectrum.cpp:601] "Au.k.spd": loaded a spectral power distribution with 56 entries (between 298.757050 and 885.601257 nm)
2021-03-17 00:49:30 INFO  main [spectrum.cpp:601] "a-C.eta.spd": loaded a spectral power distribution with 14 entries (between 309.950012 and 885.570984 nm)
2021-03-17 00:49:30 INFO  main [spectrum.cpp:601] "a-C.k.spd": loaded a spectral power distribution with 14 entries (between 309.950012 and 885.570984 nm)
2021-03-17 00:49:30 INFO  main [PluginManager] Loading plugin "plugins\roughplastic.dll" ..
2021-03-17 00:49:30 INFO  main [PluginManager] Loading plugin "plugins\directional.dll" ..
2021-03-17 00:49:30 INFO  main [PluginManager] Loading plugin "plugins\obj.dll" ..
2021-03-17 00:49:30 INFO  main [WavefrontOBJ] Loading geometry from "1b9b6f1ddf363e0e8b424343280aeccb.obj" ..
2021-03-17 00:49:30 INFO  main [WavefrontOBJ] logo: 274 triangles, 304 vertices (merged 518 vertices).
2021-03-17 00:49:30 INFO  main [WavefrontOBJ] 1b9b6f1ddf363e0e8b424343280aeccb: 48 triangles, 96 vertices (merged 48 vertices).
2021-03-17 00:49:30 INFO  main [WavefrontOBJ] 1b9b6f1ddf363e0e8b424343280aeccb_0: 4 triangles, 8 vertices (merged 4 vertices).
2021-03-17 00:49:30 INFO  main [WavefrontOBJ] 1b9b6f1ddf363e0e8b424343280aeccb_1: 4 triangles, 8 vertices (merged 4 vertices).
2021-03-17 00:49:30 INFO  main [WavefrontOBJ] 1b9b6f1ddf363e0e8b424343280aeccb_2: 4 triangles, 8 vertices (merged 4 vertices).
2021-03-17 00:49:30 INFO  main [WavefrontOBJ] 1b9b6f1ddf363e0e8b424343280aeccb_3: 6 triangles, 10 vertices (merged 8 vertices).
2021-03-17 00:49:30 INFO  main [WavefrontOBJ] 1b9b6f1ddf363e0e8b424343280aeccb_4: 66 triangles, 100 vertices (merged 98 vertices).
2021-03-17 00:49:30 WARN  main [WavefrontOBJ] Could not find referenced material library '1b9b6f1ddf363e0e8b424343280aeccb.mtl'
2021-03-17 00:49:30 INFO  main [WavefrontOBJ] Done with "1b9b6f1ddf363e0e8b424343280aeccb.obj" (took 61 ms)
2021-03-17 00:49:30 INFO  ren0 [KDTreeBase] Constructing a SAH kd-tree (406 primitives) ..
2021-03-17 00:49:30 INFO  ren0 [KDTreeBase] Finished -- took 2 ms.
2021-03-17 00:49:30 INFO  ren0 [SamplingIntegrator] Starting render job (768x576, 4 samples, 16 cores, SSE2 enabled) ..
2021-03-17 00:49:30 INFO  ren0 [RenderJob] Render time: 0.1510s
2021-03-17 00:49:30 INFO  ren0 [HDRFilm] Writing image to "render.exr" ..
2021-03-17 00:49:30 INFO  main [statistics.cpp:142] Statistics:
------------------------------------------------------------
 * Loaded plugins :
    -  plugins\diffuse.dll [Smooth diffuse BRDF]
    -  plugins\directional.dll [Directional emitter]
    -  plugins\gaussian.dll [Gaussian reconstruction filter]
    -  plugins\hdrfilm.dll [High dynamic range film]
    -  plugins\independent.dll [Independent sampler]
    -  plugins\obj.dll [OBJ triangle mesh loader]
    -  plugins\path.dll [MI path tracer]
    -  plugins\perspective.dll [Perspective camera]
    -  plugins\roughconductor.dll [Rough conductor BRDF]
    -  plugins\roughdielectric.dll [Rough dielectric BSDF]
    -  plugins\roughplastic.dll [Rough plastic BRDF]

  * General :
    -  Normal rays traced : 3.168 M
    -  Shadow rays traced : 1.848 M

  * Path tracer :
    -  Average path length : 1.04 (1.85 M / 1.77 M)
------------------------------------------------------------
